<?xml version="1.0" encoding="UTF-8"?>
<!-- Generated by org.testng.reporters.JUnitReportReporter -->
<testsuite hostname="LAPTOP-5NDVJMEG" failures="0" tests="1" name="tests.LoginAndAddToCart" time="37.667" errors="0" timestamp="2024-12-09T02:06:37 CET" skipped="0">
  <testcase classname="tests.LoginAndAddToCart" name="loginAndAddToCart" time="37.667"/>
  <system-out/>
</testsuite> <!-- tests.LoginAndAddToCart -->
